2021-01-27 12:01:59,086 [1] INFO  Microsoft.Hosting.Lifetime - Application started. Press Ctrl+C to shut down.
2021-01-27 12:01:59,105 [1] INFO  Microsoft.Hosting.Lifetime - Hosting environment: Development
2021-01-27 12:01:59,108 [1] INFO  Microsoft.Hosting.Lifetime - Content root path: D:\CurrentWork\PumpTally\pumptally\pumptally
2021-01-27 13:19:39,749 [65] ERROR Microsoft.AspNetCore.Diagnostics.DeveloperExceptionPageMiddleware - An unhandled exception has occurred while executing the request.
Microsoft.AspNetCore.Connections.ConnectionResetException: The client has disconnected
 ---> System.Runtime.InteropServices.COMException (0x800704CD): An operation was attempted on a nonexistent network connection. (0x800704CD)
   --- End of inner exception stack trace ---
   at Microsoft.AspNetCore.Server.IIS.Core.IO.AsyncIOOperation.GetResult(Int16 token)
   at Microsoft.AspNetCore.Server.IIS.Core.IISHttpContext.ReadBody()
   at System.IO.Pipelines.PipeCompletion.ThrowLatchedException()
   at System.IO.Pipelines.Pipe.GetReadResult(ReadResult& result)
   at System.IO.Pipelines.Pipe.ReadAsync(CancellationToken token)
   at System.IO.Pipelines.Pipe.DefaultPipeReader.ReadAsync(CancellationToken cancellationToken)
   at Microsoft.AspNetCore.Server.IIS.Core.IISHttpContext.ReadAsync(Memory`1 memory, CancellationToken cancellationToken)
   at Microsoft.AspNetCore.Server.IIS.Core.HttpRequestStream.ReadAsyncInternal(Memory`1 buffer, CancellationToken cancellationToken)
   at System.Text.Json.JsonSerializer.ReadAsync[TValue](Stream utf8Json, Type returnType, JsonSerializerOptions options, CancellationToken cancellationToken)
   at Microsoft.AspNetCore.Mvc.Formatters.SystemTextJsonInputFormatter.ReadRequestBodyAsync(InputFormatterContext context, Encoding encoding)
   at Microsoft.AspNetCore.Mvc.Formatters.SystemTextJsonInputFormatter.ReadRequestBodyAsync(InputFormatterContext context, Encoding encoding)
   at Microsoft.AspNetCore.Mvc.ModelBinding.Binders.BodyModelBinder.BindModelAsync(ModelBindingContext bindingContext)
   at Microsoft.AspNetCore.Mvc.ModelBinding.ParameterBinder.BindModelAsync(ActionContext actionContext, IModelBinder modelBinder, IValueProvider valueProvider, ParameterDescriptor parameter, ModelMetadata metadata, Object value)
   at Microsoft.AspNetCore.Mvc.Controllers.ControllerBinderDelegateProvider.<>c__DisplayClass0_0.<<CreateBinderDelegate>g__Bind|0>d.MoveNext()
--- End of stack trace from previous location where exception was thrown ---
   at Microsoft.AspNetCore.Mvc.Infrastructure.ControllerActionInvoker.<InvokeInnerFilterAsync>g__Awaited|13_0(ControllerActionInvoker invoker, Task lastTask, State next, Scope scope, Object state, Boolean isCompleted)
   at Microsoft.AspNetCore.Mvc.Infrastructure.ResourceInvoker.<InvokeNextResourceFilter>g__Awaited|24_0(ResourceInvoker invoker, Task lastTask, State next, Scope scope, Object state, Boolean isCompleted)
   at Microsoft.AspNetCore.Mvc.Infrastructure.ResourceInvoker.Rethrow(ResourceExecutedContextSealed context)
   at Microsoft.AspNetCore.Mvc.Infrastructure.ResourceInvoker.Next(State& next, Scope& scope, Object& state, Boolean& isCompleted)
   at Microsoft.AspNetCore.Mvc.Infrastructure.ResourceInvoker.InvokeFilterPipelineAsync()
--- End of stack trace from previous location where exception was thrown ---
   at Microsoft.AspNetCore.Mvc.Infrastructure.ResourceInvoker.<InvokeAsync>g__Awaited|17_0(ResourceInvoker invoker, Task task, IDisposable scope)
   at Microsoft.AspNetCore.Routing.EndpointMiddleware.<Invoke>g__AwaitRequestTask|6_0(Endpoint endpoint, Task requestTask, ILogger logger)
   at Microsoft.AspNetCore.Authorization.AuthorizationMiddleware.Invoke(HttpContext context)
   at Microsoft.AspNetCore.Authentication.AuthenticationMiddleware.Invoke(HttpContext context)
   at Microsoft.AspNetCore.Diagnostics.DeveloperExceptionPageMiddleware.Invoke(HttpContext context)
2021-01-27 14:02:04,364 [1] INFO  Microsoft.Hosting.Lifetime - Application started. Press Ctrl+C to shut down.
2021-01-27 14:02:04,382 [1] INFO  Microsoft.Hosting.Lifetime - Hosting environment: Development
2021-01-27 14:02:04,385 [1] INFO  Microsoft.Hosting.Lifetime - Content root path: D:\CurrentWork\PumpTally\pumptally\pumptally
2021-01-27 14:02:27,234 [15] ERROR Microsoft.AspNetCore.Diagnostics.DeveloperExceptionPageMiddleware - An unhandled exception has occurred while executing the request.
Microsoft.AspNetCore.Connections.ConnectionResetException: The client has disconnected
 ---> System.Runtime.InteropServices.COMException (0x800704CD): An operation was attempted on a nonexistent network connection. (0x800704CD)
   --- End of inner exception stack trace ---
   at Microsoft.AspNetCore.Server.IIS.Core.IO.AsyncIOOperation.GetResult(Int16 token)
   at Microsoft.AspNetCore.Server.IIS.Core.IISHttpContext.ReadBody()
   at System.IO.Pipelines.PipeCompletion.ThrowLatchedException()
   at System.IO.Pipelines.Pipe.GetReadResult(ReadResult& result)
   at System.IO.Pipelines.Pipe.ReadAsync(CancellationToken token)
   at System.IO.Pipelines.Pipe.DefaultPipeReader.ReadAsync(CancellationToken cancellationToken)
   at Microsoft.AspNetCore.Server.IIS.Core.IISHttpContext.ReadAsync(Memory`1 memory, CancellationToken cancellationToken)
   at Microsoft.AspNetCore.Server.IIS.Core.HttpRequestStream.ReadAsyncInternal(Memory`1 buffer, CancellationToken cancellationToken)
   at System.Text.Json.JsonSerializer.ReadAsync[TValue](Stream utf8Json, Type returnType, JsonSerializerOptions options, CancellationToken cancellationToken)
   at Microsoft.AspNetCore.Mvc.Formatters.SystemTextJsonInputFormatter.ReadRequestBodyAsync(InputFormatterContext context, Encoding encoding)
   at Microsoft.AspNetCore.Mvc.Formatters.SystemTextJsonInputFormatter.ReadRequestBodyAsync(InputFormatterContext context, Encoding encoding)
   at Microsoft.AspNetCore.Mvc.ModelBinding.Binders.BodyModelBinder.BindModelAsync(ModelBindingContext bindingContext)
   at Microsoft.AspNetCore.Mvc.ModelBinding.ParameterBinder.BindModelAsync(ActionContext actionContext, IModelBinder modelBinder, IValueProvider valueProvider, ParameterDescriptor parameter, ModelMetadata metadata, Object value)
   at Microsoft.AspNetCore.Mvc.Controllers.ControllerBinderDelegateProvider.<>c__DisplayClass0_0.<<CreateBinderDelegate>g__Bind|0>d.MoveNext()
--- End of stack trace from previous location where exception was thrown ---
   at Microsoft.AspNetCore.Mvc.Infrastructure.ControllerActionInvoker.<InvokeInnerFilterAsync>g__Awaited|13_0(ControllerActionInvoker invoker, Task lastTask, State next, Scope scope, Object state, Boolean isCompleted)
   at Microsoft.AspNetCore.Mvc.Infrastructure.ResourceInvoker.<InvokeNextResourceFilter>g__Awaited|24_0(ResourceInvoker invoker, Task lastTask, State next, Scope scope, Object state, Boolean isCompleted)
   at Microsoft.AspNetCore.Mvc.Infrastructure.ResourceInvoker.Rethrow(ResourceExecutedContextSealed context)
   at Microsoft.AspNetCore.Mvc.Infrastructure.ResourceInvoker.Next(State& next, Scope& scope, Object& state, Boolean& isCompleted)
   at Microsoft.AspNetCore.Mvc.Infrastructure.ResourceInvoker.InvokeFilterPipelineAsync()
--- End of stack trace from previous location where exception was thrown ---
   at Microsoft.AspNetCore.Mvc.Infrastructure.ResourceInvoker.<InvokeAsync>g__Awaited|17_0(ResourceInvoker invoker, Task task, IDisposable scope)
   at Microsoft.AspNetCore.Routing.EndpointMiddleware.<Invoke>g__AwaitRequestTask|6_0(Endpoint endpoint, Task requestTask, ILogger logger)
   at Microsoft.AspNetCore.Authorization.AuthorizationMiddleware.Invoke(HttpContext context)
   at Microsoft.AspNetCore.Authentication.AuthenticationMiddleware.Invoke(HttpContext context)
   at Microsoft.AspNetCore.Diagnostics.DeveloperExceptionPageMiddleware.Invoke(HttpContext context)
2021-01-27 14:40:15,581 [1] INFO  Microsoft.Hosting.Lifetime - Application started. Press Ctrl+C to shut down.
2021-01-27 14:40:15,598 [1] INFO  Microsoft.Hosting.Lifetime - Hosting environment: Development
2021-01-27 14:40:15,606 [1] INFO  Microsoft.Hosting.Lifetime - Content root path: D:\CurrentWork\PumpTally\pumptally\pumptally
2021-01-27 14:51:27,153 [1] INFO  Microsoft.Hosting.Lifetime - Application started. Press Ctrl+C to shut down.
2021-01-27 14:51:31,540 [1] INFO  Microsoft.Hosting.Lifetime - Hosting environment: Development
2021-01-27 14:51:31,545 [1] INFO  Microsoft.Hosting.Lifetime - Content root path: D:\CurrentWork\PumpTally\pumptally\pumptally
2021-01-27 15:18:48,408 [1] INFO  Microsoft.Hosting.Lifetime - Application started. Press Ctrl+C to shut down.
2021-01-27 15:18:48,419 [1] INFO  Microsoft.Hosting.Lifetime - Hosting environment: Development
2021-01-27 15:18:48,422 [1] INFO  Microsoft.Hosting.Lifetime - Content root path: D:\CurrentWork\PumpTally\pumptally\pumptally
2021-01-27 15:42:37,654 [1] INFO  Microsoft.Hosting.Lifetime - Application started. Press Ctrl+C to shut down.
2021-01-27 15:42:37,666 [1] INFO  Microsoft.Hosting.Lifetime - Hosting environment: Development
2021-01-27 15:42:37,669 [1] INFO  Microsoft.Hosting.Lifetime - Content root path: D:\CurrentWork\PumpTally\pumptally\pumptally
2021-01-27 15:43:39,549 [1] INFO  Microsoft.Hosting.Lifetime - Application started. Press Ctrl+C to shut down.
2021-01-27 15:43:39,560 [1] INFO  Microsoft.Hosting.Lifetime - Hosting environment: Development
2021-01-27 15:43:39,563 [1] INFO  Microsoft.Hosting.Lifetime - Content root path: D:\CurrentWork\PumpTally\pumptally\pumptally
2021-01-27 15:44:27,359 [8] ERROR pumptally.Controllers.SalesController - [SalesController.Get]System.NotImplementedException: The method or operation is not implemented.
   at pumptally.Services.SalesService.GetSalesByDate(DateTime datetime) in D:\CurrentWork\PumpTally\pumptally\pumptally\Services\SalesService.cs:line 321
   at pumptally.Controllers.SalesController.GetSalesByDate(DateTime dateTime) in D:\CurrentWork\PumpTally\pumptally\pumptally\Controllers\SalesController.cs:line 85
2021-01-27 18:54:00,349 [1] INFO  Microsoft.Hosting.Lifetime - Application started. Press Ctrl+C to shut down.
2021-01-27 18:54:00,390 [1] INFO  Microsoft.Hosting.Lifetime - Hosting environment: Development
2021-01-27 18:54:00,393 [1] INFO  Microsoft.Hosting.Lifetime - Content root path: D:\CurrentWork\PumpTally\pumptally\pumptally
2021-01-27 19:11:23,870 [1] INFO  Microsoft.Hosting.Lifetime - Application started. Press Ctrl+C to shut down.
2021-01-27 19:11:23,883 [1] INFO  Microsoft.Hosting.Lifetime - Hosting environment: Development
2021-01-27 19:11:23,885 [1] INFO  Microsoft.Hosting.Lifetime - Content root path: D:\CurrentWork\PumpTally\pumptally\pumptally
2021-01-27 19:43:23,725 [1] INFO  Microsoft.Hosting.Lifetime - Application started. Press Ctrl+C to shut down.
2021-01-27 19:43:23,755 [1] INFO  Microsoft.Hosting.Lifetime - Hosting environment: Development
2021-01-27 19:43:23,757 [1] INFO  Microsoft.Hosting.Lifetime - Content root path: D:\CurrentWork\PumpTally\pumptally\pumptally
2021-01-27 19:44:38,500 [1] INFO  Microsoft.Hosting.Lifetime - Application started. Press Ctrl+C to shut down.
2021-01-27 19:44:38,520 [1] INFO  Microsoft.Hosting.Lifetime - Hosting environment: Development
2021-01-27 19:44:38,522 [1] INFO  Microsoft.Hosting.Lifetime - Content root path: D:\CurrentWork\PumpTally\pumptally\pumptally
2021-01-27 19:51:27,679 [1] INFO  Microsoft.Hosting.Lifetime - Application started. Press Ctrl+C to shut down.
2021-01-27 19:51:27,712 [1] INFO  Microsoft.Hosting.Lifetime - Hosting environment: Development
2021-01-27 19:51:27,716 [1] INFO  Microsoft.Hosting.Lifetime - Content root path: D:\CurrentWork\PumpTally\pumptally\pumptally
2021-01-27 19:56:19,349 [1] INFO  Microsoft.Hosting.Lifetime - Application started. Press Ctrl+C to shut down.
2021-01-27 19:56:19,393 [1] INFO  Microsoft.Hosting.Lifetime - Hosting environment: Development
2021-01-27 19:56:19,399 [1] INFO  Microsoft.Hosting.Lifetime - Content root path: D:\CurrentWork\PumpTally\pumptally\pumptally
2021-01-27 19:57:57,059 [1] INFO  Microsoft.Hosting.Lifetime - Application started. Press Ctrl+C to shut down.
2021-01-27 19:57:57,096 [1] INFO  Microsoft.Hosting.Lifetime - Hosting environment: Development
2021-01-27 19:57:57,101 [1] INFO  Microsoft.Hosting.Lifetime - Content root path: D:\CurrentWork\PumpTally\pumptally\pumptally
2021-01-27 19:58:53,295 [1] INFO  Microsoft.Hosting.Lifetime - Application started. Press Ctrl+C to shut down.
2021-01-27 19:58:53,320 [1] INFO  Microsoft.Hosting.Lifetime - Hosting environment: Development
2021-01-27 19:58:53,323 [1] INFO  Microsoft.Hosting.Lifetime - Content root path: D:\CurrentWork\PumpTally\pumptally\pumptally
2021-01-27 19:59:41,395 [1] INFO  Microsoft.Hosting.Lifetime - Application started. Press Ctrl+C to shut down.
2021-01-27 19:59:41,412 [1] INFO  Microsoft.Hosting.Lifetime - Hosting environment: Development
2021-01-27 19:59:41,415 [1] INFO  Microsoft.Hosting.Lifetime - Content root path: D:\CurrentWork\PumpTally\pumptally\pumptally
2021-01-27 20:01:20,296 [1] INFO  Microsoft.Hosting.Lifetime - Application started. Press Ctrl+C to shut down.
2021-01-27 20:01:20,314 [1] INFO  Microsoft.Hosting.Lifetime - Hosting environment: Development
2021-01-27 20:01:20,317 [1] INFO  Microsoft.Hosting.Lifetime - Content root path: D:\CurrentWork\PumpTally\pumptally\pumptally
2021-01-27 20:03:30,091 [1] INFO  Microsoft.Hosting.Lifetime - Application started. Press Ctrl+C to shut down.
2021-01-27 20:03:30,107 [1] INFO  Microsoft.Hosting.Lifetime - Hosting environment: Development
2021-01-27 20:03:30,110 [1] INFO  Microsoft.Hosting.Lifetime - Content root path: D:\CurrentWork\PumpTally\pumptally\pumptally
2021-01-27 20:03:40,465 [4] ERROR pumptally.Controllers.SalesController - [SalesController.Get]System.FormatException: The string 'dssf' was not recognized as a valid DateTime. There is an unknown word starting at index '0'.
   at System.DateTimeParse.Parse(ReadOnlySpan`1 s, DateTimeFormatInfo dtfi, DateTimeStyles styles)
   at System.Convert.ToDateTime(String value)
   at pumptally.Controllers.SalesController.GetSalesByDate(String date) in D:\CurrentWork\PumpTally\pumptally\pumptally\Controllers\SalesController.cs:line 85
2021-01-27 20:04:24,100 [1] INFO  Microsoft.Hosting.Lifetime - Application started. Press Ctrl+C to shut down.
2021-01-27 20:04:24,122 [1] INFO  Microsoft.Hosting.Lifetime - Hosting environment: Development
2021-01-27 20:04:24,126 [1] INFO  Microsoft.Hosting.Lifetime - Content root path: D:\CurrentWork\PumpTally\pumptally\pumptally
2021-01-27 20:05:22,307 [1] INFO  Microsoft.Hosting.Lifetime - Application started. Press Ctrl+C to shut down.
2021-01-27 20:05:22,323 [1] INFO  Microsoft.Hosting.Lifetime - Hosting environment: Development
2021-01-27 20:05:22,326 [1] INFO  Microsoft.Hosting.Lifetime - Content root path: D:\CurrentWork\PumpTally\pumptally\pumptally
2021-01-27 20:05:53,431 [4] ERROR pumptally.Controllers.SalesController - [SalesController.Get]System.FormatException: The string 'function toUTCString() { [native code] }' was not recognized as a valid DateTime. There is an unknown word starting at index '0'.
   at System.DateTimeParse.Parse(ReadOnlySpan`1 s, DateTimeFormatInfo dtfi, DateTimeStyles styles)
   at System.Convert.ToDateTime(String value)
   at pumptally.Controllers.SalesController.GetSalesByDate(String date) in D:\CurrentWork\PumpTally\pumptally\pumptally\Controllers\SalesController.cs:line 85
2021-01-27 20:09:39,225 [1] INFO  Microsoft.Hosting.Lifetime - Application started. Press Ctrl+C to shut down.
2021-01-27 20:09:39,236 [1] INFO  Microsoft.Hosting.Lifetime - Hosting environment: Development
2021-01-27 20:09:39,274 [1] INFO  Microsoft.Hosting.Lifetime - Content root path: D:\CurrentWork\PumpTally\pumptally\pumptally
2021-01-27 20:33:07,899 [1] INFO  Microsoft.Hosting.Lifetime - Application started. Press Ctrl+C to shut down.
2021-01-27 20:33:07,931 [1] INFO  Microsoft.Hosting.Lifetime - Hosting environment: Development
2021-01-27 20:33:07,933 [1] INFO  Microsoft.Hosting.Lifetime - Content root path: D:\CurrentWork\PumpTally\pumptally\pumptally
2021-01-27 21:19:40,672 [1] INFO  Microsoft.Hosting.Lifetime - Application started. Press Ctrl+C to shut down.
2021-01-27 21:19:40,702 [1] INFO  Microsoft.Hosting.Lifetime - Hosting environment: Development
2021-01-27 21:19:40,704 [1] INFO  Microsoft.Hosting.Lifetime - Content root path: D:\CurrentWork\PumpTally\pumptally\pumptally
2021-01-27 22:57:18,620 [1] FATAL Microsoft.AspNetCore.Hosting.Diagnostics - Application startup exception
System.ArgumentException: The route template separator character '/' cannot appear consecutively. It must be separated by either a parameter or a literal value. (Parameter 'routeTemplate')
 ---> Microsoft.AspNetCore.Routing.Patterns.RoutePatternException: The route template separator character '/' cannot appear consecutively. It must be separated by either a parameter or a literal value.
   at Microsoft.AspNetCore.Routing.Patterns.RoutePatternParser.Parse(String pattern)
   at Microsoft.AspNetCore.Routing.Patterns.RoutePatternFactory.Parse(String pattern)
   at Microsoft.AspNetCore.Routing.Template.TemplateParser.Parse(String routeTemplate)
   --- End of inner exception stack trace ---
   at Microsoft.AspNetCore.Routing.Template.TemplateParser.Parse(String routeTemplate)
   at Microsoft.AspNetCore.Mvc.ApplicationModels.InferParameterBindingInfoConvention.ParameterExistsInAnyRoute(ActionModel action, String parameterName)
   at Microsoft.AspNetCore.Mvc.ApplicationModels.InferParameterBindingInfoConvention.InferBindingSourceForParameter(ParameterModel parameter)
   at Microsoft.AspNetCore.Mvc.ApplicationModels.InferParameterBindingInfoConvention.InferParameterBindingSources(ActionModel action)
   at Microsoft.AspNetCore.Mvc.ApplicationModels.InferParameterBindingInfoConvention.Apply(ActionModel action)
   at Microsoft.AspNetCore.Mvc.ApplicationModels.ApiBehaviorApplicationModelProvider.OnProvidersExecuting(ApplicationModelProviderContext context)
   at Microsoft.AspNetCore.Mvc.ApplicationModels.ApplicationModelFactory.CreateApplicationModel(IEnumerable`1 controllerTypes)
   at Microsoft.AspNetCore.Mvc.ApplicationModels.ControllerActionDescriptorProvider.GetDescriptors()
   at Microsoft.AspNetCore.Mvc.ApplicationModels.ControllerActionDescriptorProvider.OnProvidersExecuting(ActionDescriptorProviderContext context)
   at Microsoft.AspNetCore.Mvc.Infrastructure.DefaultActionDescriptorCollectionProvider.UpdateCollection()
   at Microsoft.AspNetCore.Mvc.Infrastructure.DefaultActionDescriptorCollectionProvider.Initialize()
   at Microsoft.AspNetCore.Mvc.Infrastructure.DefaultActionDescriptorCollectionProvider.GetChangeToken()
   at Microsoft.AspNetCore.Mvc.Routing.ActionEndpointDataSourceBase.<>c__DisplayClass11_0.<Subscribe>b__0()
   at Microsoft.Extensions.Primitives.ChangeToken.ChangeTokenRegistration`1..ctor(Func`1 changeTokenProducer, Action`1 changeTokenConsumer, TState state)
   at Microsoft.Extensions.Primitives.ChangeToken.OnChange(Func`1 changeTokenProducer, Action changeTokenConsumer)
   at Microsoft.AspNetCore.Mvc.Routing.ActionEndpointDataSourceBase.Subscribe()
   at Microsoft.AspNetCore.Mvc.Routing.ControllerActionEndpointDataSource..ctor(IActionDescriptorCollectionProvider actions, ActionEndpointFactory endpointFactory)
--- End of stack trace from previous location where exception was thrown ---
   at Microsoft.Extensions.DependencyInjection.ServiceLookup.CallSiteRuntimeResolver.VisitConstructor(ConstructorCallSite constructorCallSite, RuntimeResolverContext context)
   at Microsoft.Extensions.DependencyInjection.ServiceLookup.CallSiteVisitor`2.VisitCallSiteMain(ServiceCallSite callSite, TArgument argument)
   at Microsoft.Extensions.DependencyInjection.ServiceLookup.CallSiteRuntimeResolver.VisitCache(ServiceCallSite callSite, RuntimeResolverContext context, ServiceProviderEngineScope serviceProviderEngine, RuntimeResolverLock lockType)
   at Microsoft.Extensions.DependencyInjection.ServiceLookup.CallSiteRuntimeResolver.VisitRootCache(ServiceCallSite singletonCallSite, RuntimeResolverContext context)
   at Microsoft.Extensions.DependencyInjection.ServiceLookup.CallSiteVisitor`2.VisitCallSite(ServiceCallSite callSite, TArgument argument)
   at Microsoft.Extensions.DependencyInjection.ServiceLookup.CallSiteRuntimeResolver.Resolve(ServiceCallSite callSite, ServiceProviderEngineScope scope)
   at Microsoft.Extensions.DependencyInjection.ServiceLookup.DynamicServiceProviderEngine.<>c__DisplayClass1_0.<RealizeService>b__0(ServiceProviderEngineScope scope)
   at Microsoft.Extensions.DependencyInjection.ServiceLookup.ServiceProviderEngine.GetService(Type serviceType, ServiceProviderEngineScope serviceProviderEngineScope)
   at Microsoft.Extensions.DependencyInjection.ServiceLookup.ServiceProviderEngineScope.GetService(Type serviceType)
   at Microsoft.Extensions.DependencyInjection.ServiceProviderServiceExtensions.GetRequiredService(IServiceProvider provider, Type serviceType)
   at Microsoft.Extensions.DependencyInjection.ServiceProviderServiceExtensions.GetRequiredService[T](IServiceProvider provider)
   at Microsoft.AspNetCore.Builder.ControllerEndpointRouteBuilderExtensions.GetOrCreateDataSource(IEndpointRouteBuilder endpoints)
   at Microsoft.AspNetCore.Builder.ControllerEndpointRouteBuilderExtensions.MapControllers(IEndpointRouteBuilder endpoints)
   at pumptally.Startup.<>c.<Configure>b__9_1(IEndpointRouteBuilder endpoints) in D:\CurrentWork\PumpTally\pumptally\pumptally\Startup.cs:line 133
   at Microsoft.AspNetCore.Builder.EndpointRoutingApplicationBuilderExtensions.UseEndpoints(IApplicationBuilder builder, Action`1 configure)
   at pumptally.Startup.Configure(IApplicationBuilder app, IWebHostEnvironment env, ILoggerFactory loggerFactory) in D:\CurrentWork\PumpTally\pumptally\pumptally\Startup.cs:line 131
   at System.RuntimeMethodHandle.InvokeMethod(Object target, Object[] arguments, Signature sig, Boolean constructor, Boolean wrapExceptions)
   at System.Reflection.RuntimeMethodInfo.Invoke(Object obj, BindingFlags invokeAttr, Binder binder, Object[] parameters, CultureInfo culture)
   at Microsoft.AspNetCore.Hosting.ConfigureBuilder.Invoke(Object instance, IApplicationBuilder builder)
   at Microsoft.AspNetCore.Hosting.ConfigureBuilder.<>c__DisplayClass4_0.<Build>b__0(IApplicationBuilder builder)
   at Microsoft.AspNetCore.Hosting.GenericWebHostBuilder.<>c__DisplayClass13_0.<UseStartup>b__2(IApplicationBuilder app)
   at Microsoft.AspNetCore.Mvc.Filters.MiddlewareFilterBuilderStartupFilter.<>c__DisplayClass0_0.<Configure>g__MiddlewareFilterBuilder|0(IApplicationBuilder builder)
   at Microsoft.AspNetCore.Server.IIS.Core.IISServerSetupFilter.<>c__DisplayClass2_0.<Configure>b__0(IApplicationBuilder app)
   at Microsoft.AspNetCore.HostFilteringStartupFilter.<>c__DisplayClass0_0.<Configure>b__0(IApplicationBuilder app)
   at Microsoft.AspNetCore.Hosting.GenericWebHostService.StartAsync(CancellationToken cancellationToken)
2021-01-27 22:58:24,836 [1] INFO  Microsoft.Hosting.Lifetime - Application started. Press Ctrl+C to shut down.
2021-01-27 22:58:24,850 [1] INFO  Microsoft.Hosting.Lifetime - Hosting environment: Development
2021-01-27 22:58:24,852 [1] INFO  Microsoft.Hosting.Lifetime - Content root path: D:\CurrentWork\PumpTally\pumptally\pumptally
2021-01-27 23:02:14,985 [1] INFO  Microsoft.Hosting.Lifetime - Application started. Press Ctrl+C to shut down.
2021-01-27 23:02:15,001 [1] INFO  Microsoft.Hosting.Lifetime - Hosting environment: Development
2021-01-27 23:02:15,003 [1] INFO  Microsoft.Hosting.Lifetime - Content root path: D:\CurrentWork\PumpTally\pumptally\pumptally
2021-01-27 23:09:01,268 [1] INFO  Microsoft.Hosting.Lifetime - Application started. Press Ctrl+C to shut down.
2021-01-27 23:09:01,284 [1] INFO  Microsoft.Hosting.Lifetime - Hosting environment: Development
2021-01-27 23:09:01,287 [1] INFO  Microsoft.Hosting.Lifetime - Content root path: D:\CurrentWork\PumpTally\pumptally\pumptally
